ar_app/build/app/intermediates/manifest_merge_blame_file/release/manifest-merger-blame-release-report.txt
1<?xml version="1.0" encoding="utf-8"?>
2<manifest xmlns:android="http://schemas.android.com/apk/res/android"
3    package="com.difrancescogianmarco.example"
4    android:versionCode="1"
5    android:versionName="1.0" >
6
7    <uses-sdk
8        android:minSdkVersion="24"
8-->src/main/AndroidManifest.xml
9        android:targetSdkVersion="29" />
9-->src/main/AndroidManifest.xml
10
11    <uses-permission android:name="android.permission.CAMERA" />
11-->[:arcore_flutter_plugin] AndroidManifest.xml:7:5-65
11-->[:arcore_flutter_plugin] AndroidManifest.xml:7:22-62
12    <!--
13         Indicates that app requires ARCore ("AR Required"). Ensures app is only
14         visible in the Google Play Store on devices that support ARCore.
15    -->
16    <uses-feature android:name="android.hardware.camera.ar" /> <!-- Sceneform requires OpenGL ES 3.0 or later. -->
16-->[:arcore_flutter_plugin] AndroidManifest.xml:13:5-63
16-->[:arcore_flutter_plugin] AndroidManifest.xml:13:19-60
17    <uses-feature
17-->[:arcore_flutter_plugin] AndroidManifest.xml:16:5-18:35
18        android:glEsVersion="0x00030000"
18-->[:arcore_flutter_plugin] AndroidManifest.xml:17:9-41
19        android:required="true" />
19-->[:arcore_flutter_plugin] AndroidManifest.xml:18:9-32
20    <!--
21 io.flutter.app.FlutterApplication is an android.app.Application that
22         calls FlutterMain.startInitialization(this); in its onCreate method.
23         In most cases you can leave this as-is, but you if you want to provide
24         additional functionality it is fine to subclass or reimplement
25         FlutterApplication and put your custom class here.
26    -->
27    <!-- android:label="AR Virtual Assistant" -->
28    <application
28-->src/main/AndroidManifest.xml:10:5-31:19
29        android:name="io.flutter.app.FlutterApplication"
29-->src/main/AndroidManifest.xml:11:9-57
30        android:appComponentFactory="androidx.core.app.CoreComponentFactory"
30-->[androidx.core:core:1.0.0] AndroidManifest.xml:22:18-86
31        android:icon="@mipmap/ic_launcher"
31-->src/main/AndroidManifest.xml:13:9-43
32        android:label="AR Virtual Assistant" >
32-->src/main/AndroidManifest.xml:12:9-45
33        <activity
33-->src/main/AndroidManifest.xml:14:9-25:20
34            android:name="com.difrancescogianmarco.example.MainActivity"
34-->src/main/AndroidManifest.xml:15:13-41
35            android:configChanges="orientation|keyboardHidden|keyboard|screenSize|smallestScreenSize|locale|layoutDirection|fontScale|screenLayout|density|uiMode"
35-->src/main/AndroidManifest.xml:18:13-163
36            android:hardwareAccelerated="true"
36-->src/main/AndroidManifest.xml:19:13-47
37            android:launchMode="singleTop"
37-->src/main/AndroidManifest.xml:16:13-43
38            android:theme="@style/LaunchTheme"
38-->src/main/AndroidManifest.xml:17:13-47
39            android:windowSoftInputMode="adjustResize" >
39-->src/main/AndroidManifest.xml:20:13-55
40            <intent-filter>
40-->src/main/AndroidManifest.xml:21:13-24:29
41                <action android:name="android.intent.action.MAIN" />
41-->src/main/AndroidManifest.xml:22:17-68
41-->src/main/AndroidManifest.xml:22:25-66
42
43                <category android:name="android.intent.category.LAUNCHER" />
43-->src/main/AndroidManifest.xml:23:17-76
43-->src/main/AndroidManifest.xml:23:27-74
44            </intent-filter>
45        </activity>
46        <!--
47             Don't delete the meta-data below.
48             This is used by the Flutter tool to generate GeneratedPluginRegistrant.java
49        -->
50        <meta-data
50-->src/main/AndroidManifest.xml:28:9-30:33
51            android:name="flutterEmbedding"
51-->src/main/AndroidManifest.xml:29:13-44
52            android:value="2" />
52-->src/main/AndroidManifest.xml:30:13-30
53        <!--
54             Indicates that app requires ARCore ("AR Required"). Causes Google
55             Play Store to download and install ARCore when the app is installed.
56        -->
57        <meta-data
57-->[:arcore_flutter_plugin] AndroidManifest.xml:26:9-28:40
58            android:name="com.google.ar.core"
58-->[:arcore_flutter_plugin] AndroidManifest.xml:27:13-46
59            android:value="required" /> <!-- The minimal version code of ARCore APK required for an app using this SDK. -->
59-->[:arcore_flutter_plugin] AndroidManifest.xml:28:13-37
60        <meta-data
60-->[com.google.ar:core:1.14.0] AndroidManifest.xml:33:9-35:41
61            android:name="com.google.ar.core.min_apk_version"
61-->[com.google.ar:core:1.14.0] AndroidManifest.xml:34:13-62
62            android:value="191106000" /> <!-- This activity is critical for installing ARCore when it is not already present. -->
62-->[com.google.ar:core:1.14.0] AndroidManifest.xml:35:13-38
63        <activity
63-->[com.google.ar:core:1.14.0] AndroidManifest.xml:37:9-43:80
64            android:name="com.google.ar.core.InstallActivity"
64-->[com.google.ar:core:1.14.0] AndroidManifest.xml:38:13-62
65            android:configChanges="keyboardHidden|orientation|screenSize"
65-->[com.google.ar:core:1.14.0] AndroidManifest.xml:39:13-74
66            android:excludeFromRecents="true"
66-->[com.google.ar:core:1.14.0] AndroidManifest.xml:40:13-46
67            android:exported="false"
67-->[com.google.ar:core:1.14.0] AndroidManifest.xml:41:13-37
68            android:launchMode="singleTop"
68-->[com.google.ar:core:1.14.0] AndroidManifest.xml:42:13-43
69            android:theme="@android:style/Theme.Material.Light.Dialog.Alert" />
69-->[com.google.ar:core:1.14.0] AndroidManifest.xml:43:13-77
70    </application>
71
72</manifest>